[debug] [2024-01-28T18:27:13.237Z] ----------------------------------------------------------------------
[debug] [2024-01-28T18:27:13.239Z] Command:       /usr/local/bin/node /usr/local/bin/firebase deploy --only functions
[debug] [2024-01-28T18:27:13.239Z] CLI Version:   12.7.0
[debug] [2024-01-28T18:27:13.239Z] Platform:      linux
[debug] [2024-01-28T18:27:13.239Z] Node Version:  v18.18.2
[debug] [2024-01-28T18:27:13.240Z] Time:          Sun Jan 28 2024 19:27:13 GMT+0100 (Central European Standard Time)
[debug] [2024-01-28T18:27:13.240Z] ----------------------------------------------------------------------
[debug] 
[debug] [2024-01-28T18:27:13.283Z] > command requires scopes: ["email","openid","https://www.googleapis.com/auth/cloudplatformprojects.readonly","https://www.googleapis.com/auth/firebase","https://www.googleapis.com/auth/cloud-platform"]
[debug] [2024-01-28T18:27:13.283Z] > authorizing via signed-in user (enguerranddeclercq@gmail.com)
[debug] [2024-01-28T18:27:13.283Z] [iam] checking project briefly-8929a for permissions ["cloudfunctions.functions.create","cloudfunctions.functions.delete","cloudfunctions.functions.get","cloudfunctions.functions.list","cloudfunctions.functions.update","cloudfunctions.operations.get","firebase.projects.get"]
[debug] [2024-01-28T18:27:13.284Z] > refreshing access token with scopes: []
[debug] [2024-01-28T18:27:13.285Z] >>> [apiv2][query] POST https://www.googleapis.com/oauth2/v3/token [none]
[debug] [2024-01-28T18:27:13.285Z] >>> [apiv2][body] POST https://www.googleapis.com/oauth2/v3/token [omitted]
[debug] [2024-01-28T18:27:13.517Z] <<< [apiv2][status] POST https://www.googleapis.com/oauth2/v3/token 200
[debug] [2024-01-28T18:27:13.518Z] <<< [apiv2][body] POST https://www.googleapis.com/oauth2/v3/token [omitted]
[debug] [2024-01-28T18:27:13.525Z] >>> [apiv2][query] POST https://cloudresourcemanager.googleapis.com/v1/projects/briefly-8929a:testIamPermissions [none]
[debug] [2024-01-28T18:27:13.525Z] >>> [apiv2][(partial)header] POST https://cloudresourcemanager.googleapis.com/v1/projects/briefly-8929a:testIamPermissions x-goog-quota-user=projects/briefly-8929a
[debug] [2024-01-28T18:27:13.525Z] >>> [apiv2][body] POST https://cloudresourcemanager.googleapis.com/v1/projects/briefly-8929a:testIamPermissions {"permissions":["cloudfunctions.functions.create","cloudfunctions.functions.delete","cloudfunctions.functions.get","cloudfunctions.functions.list","cloudfunctions.functions.update","cloudfunctions.operations.get","firebase.projects.get"]}
[debug] [2024-01-28T18:27:14.414Z] <<< [apiv2][status] POST https://cloudresourcemanager.googleapis.com/v1/projects/briefly-8929a:testIamPermissions 200
[debug] [2024-01-28T18:27:14.414Z] <<< [apiv2][body] POST https://cloudresourcemanager.googleapis.com/v1/projects/briefly-8929a:testIamPermissions {"permissions":["cloudfunctions.functions.create","cloudfunctions.functions.delete","cloudfunctions.functions.get","cloudfunctions.functions.list","cloudfunctions.functions.update","cloudfunctions.operations.get","firebase.projects.get"]}
[debug] [2024-01-28T18:27:14.415Z] >>> [apiv2][query] POST https://iam.googleapis.com/v1/projects/briefly-8929a/serviceAccounts/briefly-8929a@appspot.gserviceaccount.com:testIamPermissions [none]
[debug] [2024-01-28T18:27:14.415Z] >>> [apiv2][body] POST https://iam.googleapis.com/v1/projects/briefly-8929a/serviceAccounts/briefly-8929a@appspot.gserviceaccount.com:testIamPermissions {"permissions":["iam.serviceAccounts.actAs"]}
[debug] [2024-01-28T18:27:15.171Z] <<< [apiv2][status] POST https://iam.googleapis.com/v1/projects/briefly-8929a/serviceAccounts/briefly-8929a@appspot.gserviceaccount.com:testIamPermissions 200
[debug] [2024-01-28T18:27:15.171Z] <<< [apiv2][body] POST https://iam.googleapis.com/v1/projects/briefly-8929a/serviceAccounts/briefly-8929a@appspot.gserviceaccount.com:testIamPermissions {"permissions":["iam.serviceAccounts.actAs"]}
[info] 
[info] === Deploying to 'briefly-8929a'...
[info] 
[info] i  deploying functions 
[info] Running command: npm --prefix "$RESOURCE_DIR" run build
[info] ✔  functions: Finished running predeploy script. 
[debug] [2024-01-28T18:27:20.304Z] >>> [apiv2][query] GET https://firebase.googleapis.com/v1beta1/projects/briefly-8929a [none]
[debug] [2024-01-28T18:27:21.968Z] <<< [apiv2][status] GET https://firebase.googleapis.com/v1beta1/projects/briefly-8929a 200
[debug] [2024-01-28T18:27:21.969Z] <<< [apiv2][body] GET https://firebase.googleapis.com/v1beta1/projects/briefly-8929a {"projectId":"briefly-8929a","projectNumber":"899505532112","displayName":"Briefly","name":"projects/briefly-8929a","resources":{"hostingSite":"briefly-8929a"},"state":"ACTIVE","etag":"1_44dbb4c1-4c6c-45fb-9ca6-a4fe170f9f10"}
[info] i  functions: preparing codebase default for deployment 
[info] i  functions: ensuring required API cloudfunctions.googleapis.com is enabled... 
[info] i  functions: ensuring required API cloudbuild.googleapis.com is enabled... 
[info] i  artifactregistry: ensuring required API artifactregistry.googleapis.com is enabled... 
[debug] [2024-01-28T18:27:21.972Z] >>> [apiv2][query] GET https://serviceusage.googleapis.com/v1/projects/briefly-8929a/services/cloudfunctions.googleapis.com [none]
[debug] [2024-01-28T18:27:21.972Z] >>> [apiv2][(partial)header] GET https://serviceusage.googleapis.com/v1/projects/briefly-8929a/services/cloudfunctions.googleapis.com x-goog-quota-user=projects/briefly-8929a
[debug] [2024-01-28T18:27:21.975Z] >>> [apiv2][query] GET https://serviceusage.googleapis.com/v1/projects/briefly-8929a/services/runtimeconfig.googleapis.com [none]
[debug] [2024-01-28T18:27:21.975Z] >>> [apiv2][(partial)header] GET https://serviceusage.googleapis.com/v1/projects/briefly-8929a/services/runtimeconfig.googleapis.com x-goog-quota-user=projects/briefly-8929a
[debug] [2024-01-28T18:27:21.977Z] >>> [apiv2][query] GET https://serviceusage.googleapis.com/v1/projects/briefly-8929a/services/cloudbuild.googleapis.com [none]
[debug] [2024-01-28T18:27:21.977Z] >>> [apiv2][(partial)header] GET https://serviceusage.googleapis.com/v1/projects/briefly-8929a/services/cloudbuild.googleapis.com x-goog-quota-user=projects/briefly-8929a
[debug] [2024-01-28T18:27:21.979Z] >>> [apiv2][query] GET https://serviceusage.googleapis.com/v1/projects/briefly-8929a/services/artifactregistry.googleapis.com [none]
[debug] [2024-01-28T18:27:21.979Z] >>> [apiv2][(partial)header] GET https://serviceusage.googleapis.com/v1/projects/briefly-8929a/services/artifactregistry.googleapis.com x-goog-quota-user=projects/briefly-8929a
[debug] [2024-01-28T18:27:23.517Z] <<< [apiv2][status] GET https://serviceusage.googleapis.com/v1/projects/briefly-8929a/services/artifactregistry.googleapis.com 200
[debug] [2024-01-28T18:27:23.517Z] <<< [apiv2][body] GET https://serviceusage.googleapis.com/v1/projects/briefly-8929a/services/artifactregistry.googleapis.com [omitted]
[info] ✔  artifactregistry: required API artifactregistry.googleapis.com is enabled 
[debug] [2024-01-28T18:27:23.519Z] <<< [apiv2][status] GET https://serviceusage.googleapis.com/v1/projects/briefly-8929a/services/runtimeconfig.googleapis.com 200
[debug] [2024-01-28T18:27:23.519Z] <<< [apiv2][body] GET https://serviceusage.googleapis.com/v1/projects/briefly-8929a/services/runtimeconfig.googleapis.com [omitted]
[debug] [2024-01-28T18:27:23.520Z] <<< [apiv2][status] GET https://serviceusage.googleapis.com/v1/projects/briefly-8929a/services/cloudbuild.googleapis.com 200
[debug] [2024-01-28T18:27:23.520Z] <<< [apiv2][body] GET https://serviceusage.googleapis.com/v1/projects/briefly-8929a/services/cloudbuild.googleapis.com [omitted]
[info] ✔  functions: required API cloudbuild.googleapis.com is enabled 
[debug] [2024-01-28T18:27:23.521Z] <<< [apiv2][status] GET https://serviceusage.googleapis.com/v1/projects/briefly-8929a/services/cloudfunctions.googleapis.com 200
[debug] [2024-01-28T18:27:23.521Z] <<< [apiv2][body] GET https://serviceusage.googleapis.com/v1/projects/briefly-8929a/services/cloudfunctions.googleapis.com [omitted]
[info] ✔  functions: required API cloudfunctions.googleapis.com is enabled 
[debug] [2024-01-28T18:27:23.522Z] >>> [apiv2][query] GET https://firebase.googleapis.com/v1beta1/projects/briefly-8929a/adminSdkConfig [none]
[debug] [2024-01-28T18:27:24.103Z] <<< [apiv2][status] GET https://firebase.googleapis.com/v1beta1/projects/briefly-8929a/adminSdkConfig 200
[debug] [2024-01-28T18:27:24.103Z] <<< [apiv2][body] GET https://firebase.googleapis.com/v1beta1/projects/briefly-8929a/adminSdkConfig {"projectId":"briefly-8929a","storageBucket":"briefly-8929a.appspot.com"}
[debug] [2024-01-28T18:27:24.104Z] >>> [apiv2][query] GET https://runtimeconfig.googleapis.com/v1beta1/projects/briefly-8929a/configs [none]
[debug] [2024-01-28T18:27:25.883Z] <<< [apiv2][status] GET https://runtimeconfig.googleapis.com/v1beta1/projects/briefly-8929a/configs 200
[debug] [2024-01-28T18:27:25.884Z] <<< [apiv2][body] GET https://runtimeconfig.googleapis.com/v1beta1/projects/briefly-8929a/configs {"configs":[{"name":"projects/briefly-8929a/configs/project"},{"name":"projects/briefly-8929a/configs/slack"},{"name":"projects/briefly-8929a/configs/api"}]}
[debug] [2024-01-28T18:27:25.885Z] >>> [apiv2][query] GET https://runtimeconfig.googleapis.com/v1beta1/projects/briefly-8929a/configs/project/variables [none]
[debug] [2024-01-28T18:27:25.888Z] >>> [apiv2][query] GET https://runtimeconfig.googleapis.com/v1beta1/projects/briefly-8929a/configs/slack/variables [none]
[debug] [2024-01-28T18:27:25.892Z] >>> [apiv2][query] GET https://runtimeconfig.googleapis.com/v1beta1/projects/briefly-8929a/configs/api/variables [none]
[debug] [2024-01-28T18:27:26.909Z] <<< [apiv2][status] GET https://runtimeconfig.googleapis.com/v1beta1/projects/briefly-8929a/configs/project/variables 200
[debug] [2024-01-28T18:27:26.909Z] <<< [apiv2][body] GET https://runtimeconfig.googleapis.com/v1beta1/projects/briefly-8929a/configs/project/variables {"variables":[{"name":"projects/briefly-8929a/configs/project/variables/client/certurl","updateTime":"2023-11-12T18:49:49.092216405Z"},{"name":"projects/briefly-8929a/configs/project/variables/privatekey/value","updateTime":"2023-11-12T18:57:27.775945841Z"},{"name":"projects/briefly-8929a/configs/project/variables/client/id","updateTime":"2023-11-12T18:48:13.990127894Z"},{"name":"projects/briefly-8929a/configs/project/variables/type","updateTime":"2023-11-12T18:45:35.289939972Z"},{"name":"projects/briefly-8929a/configs/project/variables/authprovider/certurl","updateTime":"2023-11-12T18:49:17.840151049Z"},{"name":"projects/briefly-8929a/configs/project/variables/id","updateTime":"2023-11-12T18:46:01.003505593Z"},{"name":"projects/briefly-8929a/configs/project/variables/privatekey/id","updateTime":"2023-11-12T18:46:23.479935392Z"},{"name":"projects/briefly-8929a/configs/project/variables/token/uri","updateTime":"2023-11-12T18:48:48.442621996Z"},{"name":"projects/briefly-8929a/configs/project/variables/client/email","updateTime":"2023-11-12T18:56:14.654205285Z"},{"name":"projects/briefly-8929a/configs/project/variables/auth/uri","updateTime":"2023-11-12T18:48:31.918403128Z"}]}
[debug] [2024-01-28T18:27:26.910Z] >>> [apiv2][query] GET https://runtimeconfig.googleapis.com/v1beta1/projects/briefly-8929a/configs/project/variables/client/certurl [none]
[debug] [2024-01-28T18:27:26.915Z] >>> [apiv2][query] GET https://runtimeconfig.googleapis.com/v1beta1/projects/briefly-8929a/configs/project/variables/privatekey/value [none]
[debug] [2024-01-28T18:27:26.917Z] >>> [apiv2][query] GET https://runtimeconfig.googleapis.com/v1beta1/projects/briefly-8929a/configs/project/variables/client/id [none]
[debug] [2024-01-28T18:27:26.919Z] >>> [apiv2][query] GET https://runtimeconfig.googleapis.com/v1beta1/projects/briefly-8929a/configs/project/variables/type [none]
[debug] [2024-01-28T18:27:26.921Z] >>> [apiv2][query] GET https://runtimeconfig.googleapis.com/v1beta1/projects/briefly-8929a/configs/project/variables/authprovider/certurl [none]
[debug] [2024-01-28T18:27:26.923Z] >>> [apiv2][query] GET https://runtimeconfig.googleapis.com/v1beta1/projects/briefly-8929a/configs/project/variables/id [none]
[debug] [2024-01-28T18:27:26.925Z] >>> [apiv2][query] GET https://runtimeconfig.googleapis.com/v1beta1/projects/briefly-8929a/configs/project/variables/privatekey/id [none]
[debug] [2024-01-28T18:27:26.926Z] >>> [apiv2][query] GET https://runtimeconfig.googleapis.com/v1beta1/projects/briefly-8929a/configs/project/variables/token/uri [none]
[debug] [2024-01-28T18:27:26.928Z] >>> [apiv2][query] GET https://runtimeconfig.googleapis.com/v1beta1/projects/briefly-8929a/configs/project/variables/client/email [none]
[debug] [2024-01-28T18:27:26.930Z] >>> [apiv2][query] GET https://runtimeconfig.googleapis.com/v1beta1/projects/briefly-8929a/configs/project/variables/auth/uri [none]
[debug] [2024-01-28T18:27:26.932Z] <<< [apiv2][status] GET https://runtimeconfig.googleapis.com/v1beta1/projects/briefly-8929a/configs/slack/variables 200
[debug] [2024-01-28T18:27:26.932Z] <<< [apiv2][body] GET https://runtimeconfig.googleapis.com/v1beta1/projects/briefly-8929a/configs/slack/variables {"variables":[{"name":"projects/briefly-8929a/configs/slack/variables/token","updateTime":"2023-10-29T12:24:15.107993575Z"}]}
[debug] [2024-01-28T18:27:26.932Z] >>> [apiv2][query] GET https://runtimeconfig.googleapis.com/v1beta1/projects/briefly-8929a/configs/slack/variables/token [none]
[debug] [2024-01-28T18:27:26.934Z] <<< [apiv2][status] GET https://runtimeconfig.googleapis.com/v1beta1/projects/briefly-8929a/configs/api/variables 200
[debug] [2024-01-28T18:27:26.934Z] <<< [apiv2][body] GET https://runtimeconfig.googleapis.com/v1beta1/projects/briefly-8929a/configs/api/variables {"variables":[{"name":"projects/briefly-8929a/configs/api/variables/key","updateTime":"2023-10-30T21:53:29.311782988Z"},{"name":"projects/briefly-8929a/configs/api/variables/url","updateTime":"2023-10-30T22:08:13.901676661Z"}]}
[debug] [2024-01-28T18:27:26.934Z] >>> [apiv2][query] GET https://runtimeconfig.googleapis.com/v1beta1/projects/briefly-8929a/configs/api/variables/key [none]
[debug] [2024-01-28T18:27:26.935Z] >>> [apiv2][query] GET https://runtimeconfig.googleapis.com/v1beta1/projects/briefly-8929a/configs/api/variables/url [none]
[debug] [2024-01-28T18:27:27.533Z] <<< [apiv2][status] GET https://runtimeconfig.googleapis.com/v1beta1/projects/briefly-8929a/configs/api/variables/key 200
[debug] [2024-01-28T18:27:27.533Z] <<< [apiv2][body] GET https://runtimeconfig.googleapis.com/v1beta1/projects/briefly-8929a/configs/api/variables/key {"name":"projects/briefly-8929a/configs/api/variables/key","updateTime":"2023-10-30T21:53:29.311782988Z","text":"059e4fe3-34ef-4bf1-807f-7c94d7df54f0"}
[debug] [2024-01-28T18:27:27.534Z] <<< [apiv2][status] GET https://runtimeconfig.googleapis.com/v1beta1/projects/briefly-8929a/configs/project/variables/client/email 200
[debug] [2024-01-28T18:27:27.534Z] <<< [apiv2][body] GET https://runtimeconfig.googleapis.com/v1beta1/projects/briefly-8929a/configs/project/variables/client/email {"name":"projects/briefly-8929a/configs/project/variables/client/email","updateTime":"2023-11-12T18:56:14.654205285Z","text":"firebase-adminsdk-u7hsj@briefly-8929a.iam.gserviceaccount.com"}
[debug] [2024-01-28T18:27:27.535Z] <<< [apiv2][status] GET https://runtimeconfig.googleapis.com/v1beta1/projects/briefly-8929a/configs/project/variables/type 200
[debug] [2024-01-28T18:27:27.535Z] <<< [apiv2][body] GET https://runtimeconfig.googleapis.com/v1beta1/projects/briefly-8929a/configs/project/variables/type {"name":"projects/briefly-8929a/configs/project/variables/type","updateTime":"2023-11-12T18:45:35.289939972Z","text":"service_account"}
[debug] [2024-01-28T18:27:27.535Z] <<< [apiv2][status] GET https://runtimeconfig.googleapis.com/v1beta1/projects/briefly-8929a/configs/project/variables/authprovider/certurl 200
[debug] [2024-01-28T18:27:27.535Z] <<< [apiv2][body] GET https://runtimeconfig.googleapis.com/v1beta1/projects/briefly-8929a/configs/project/variables/authprovider/certurl {"name":"projects/briefly-8929a/configs/project/variables/authprovider/certurl","updateTime":"2023-11-12T18:49:17.840151049Z","text":"https://www.googleapis.com/oauth2/v1/certs"}
[debug] [2024-01-28T18:27:27.535Z] <<< [apiv2][status] GET https://runtimeconfig.googleapis.com/v1beta1/projects/briefly-8929a/configs/project/variables/token/uri 200
[debug] [2024-01-28T18:27:27.535Z] <<< [apiv2][body] GET https://runtimeconfig.googleapis.com/v1beta1/projects/briefly-8929a/configs/project/variables/token/uri {"name":"projects/briefly-8929a/configs/project/variables/token/uri","updateTime":"2023-11-12T18:48:48.442621996Z","text":"https://oauth2.googleapis.com/token"}
[debug] [2024-01-28T18:27:27.536Z] <<< [apiv2][status] GET https://runtimeconfig.googleapis.com/v1beta1/projects/briefly-8929a/configs/project/variables/client/id 200
[debug] [2024-01-28T18:27:27.536Z] <<< [apiv2][body] GET https://runtimeconfig.googleapis.com/v1beta1/projects/briefly-8929a/configs/project/variables/client/id {"name":"projects/briefly-8929a/configs/project/variables/client/id","updateTime":"2023-11-12T18:48:13.990127894Z","text":"112252195295578072672"}
[debug] [2024-01-28T18:27:27.536Z] <<< [apiv2][status] GET https://runtimeconfig.googleapis.com/v1beta1/projects/briefly-8929a/configs/project/variables/privatekey/id 200
[debug] [2024-01-28T18:27:27.536Z] <<< [apiv2][body] GET https://runtimeconfig.googleapis.com/v1beta1/projects/briefly-8929a/configs/project/variables/privatekey/id {"name":"projects/briefly-8929a/configs/project/variables/privatekey/id","updateTime":"2023-11-12T18:46:23.479935392Z","text":"250e43d395f8a139d9829bb9c6e35ed3b78e3168"}
[debug] [2024-01-28T18:27:27.536Z] <<< [apiv2][status] GET https://runtimeconfig.googleapis.com/v1beta1/projects/briefly-8929a/configs/api/variables/url 200
[debug] [2024-01-28T18:27:27.536Z] <<< [apiv2][body] GET https://runtimeconfig.googleapis.com/v1beta1/projects/briefly-8929a/configs/api/variables/url {"name":"projects/briefly-8929a/configs/api/variables/url","updateTime":"2023-10-30T22:08:13.901676661Z","text":"https://briefly-umber.vercel.app/api"}
[debug] [2024-01-28T18:27:27.536Z] <<< [apiv2][status] GET https://runtimeconfig.googleapis.com/v1beta1/projects/briefly-8929a/configs/project/variables/id 200
[debug] [2024-01-28T18:27:27.537Z] <<< [apiv2][body] GET https://runtimeconfig.googleapis.com/v1beta1/projects/briefly-8929a/configs/project/variables/id {"name":"projects/briefly-8929a/configs/project/variables/id","updateTime":"2023-11-12T18:46:01.003505593Z","text":"briefly-8929a"}
[debug] [2024-01-28T18:27:27.537Z] <<< [apiv2][status] GET https://runtimeconfig.googleapis.com/v1beta1/projects/briefly-8929a/configs/slack/variables/token 200
[debug] [2024-01-28T18:27:27.537Z] <<< [apiv2][body] GET https://runtimeconfig.googleapis.com/v1beta1/projects/briefly-8929a/configs/slack/variables/token {"name":"projects/briefly-8929a/configs/slack/variables/token","updateTime":"2023-10-29T12:24:15.107993575Z","text":"xoxb-6124337086657-6114228230644-ttSzYZ9J2th4DUgQ0LIMUsZz"}
[debug] [2024-01-28T18:27:27.537Z] <<< [apiv2][status] GET https://runtimeconfig.googleapis.com/v1beta1/projects/briefly-8929a/configs/project/variables/client/certurl 200
[debug] [2024-01-28T18:27:27.537Z] <<< [apiv2][body] GET https://runtimeconfig.googleapis.com/v1beta1/projects/briefly-8929a/configs/project/variables/client/certurl {"name":"projects/briefly-8929a/configs/project/variables/client/certurl","updateTime":"2023-11-12T18:49:49.092216405Z","text":"https://www.googleapis.com/robot/v1/metadata/x509/firebase-adminsdk-u7hsj%40briefly-8929a.iam.gserviceaccount.com"}
[debug] [2024-01-28T18:27:27.836Z] <<< [apiv2][status] GET https://runtimeconfig.googleapis.com/v1beta1/projects/briefly-8929a/configs/project/variables/privatekey/value 200
[debug] [2024-01-28T18:27:27.837Z] <<< [apiv2][body] GET https://runtimeconfig.googleapis.com/v1beta1/projects/briefly-8929a/configs/project/variables/privatekey/value {"name":"projects/briefly-8929a/configs/project/variables/privatekey/value","updateTime":"2023-11-12T18:57:27.775945841Z","text":"'-----BEGIN PRIVATE KEY-----\\nMIIEvAIBADANBgkqhkiG9w0BAQEFAASCBKYwggSiAgEAAoIBAQC08en7Zr5LPVgM\\nl4K4ShVpvsSENZw564pZdAjGFPhXB+yW4mjoUZaNJjW+2mNKrzUKxf8M3teUGDu5\\n89wRy6oaifDlI+Sq40NXU3No59dckbO23C7XoOINwEkSTxigJGyQ1fslXk5qT5X5\\npOy3ZrzXBMf14EQVHCpNSUr5/gfJ7KVOwyhlmUWOmM1UxofZnSakQ19gTEs5KzN5\\n9NUUKMSEIxaaQcq8NwAyBa7sBKdyG6F2PqsJa4NOUaLJGtO5Qn4frEWPTUrvYzo8\\nXfKAzs7x920FJKn6UEJaQWu7RkhM8Oueujlk579hc8aHSfNULVs6cheWF9HHVZBx\\nb77QW/GpAgMBAAECggEACKyEloc6Nc3g4cilDOvLOzyYe8x8mtewVAGwlntEnNpt\\nxF1h4Uog9Q74+ldKdXbw7F1psK6hh7FCMrOuj+FTHA7TAA8AjBMVJDNlR8j+XUsE\\nQg6rxa0qDPXz4sdtIycf17EURxouWOEMC9G0wcVwZb/OTJp1tQvauMX7zMBZU/v6\\nFe2v0+veOwBrKtbzjbYQlv4OND3CA2LGTl4KXGa9+g6aaY7RGEXmJBXY7CD5uFt5\\nTUrAt6Qv+f/vIYNtmFxbkp47IBmHsnEBMQjrOJkCwFUx5Ckh6upP5mRikvvrGx4u\\nPXSa4gCnfBtMp/aw+pquBGqeP+QfXBi6J4vtivUJ4QKBgQDjN/PRoS9SzqETrqff\\nkUGB5tgeLQfbk7y8prBZU4hcvWwO4xkhxnRiwj6BDdi4so4YNv747hk80U1BZPd7\\nii1CYXRvzj77s9fT/FKtbLEZE8vxIBtipEILIMzZVz5oulkhAAjDIGwTtKPwsr6L\\nScoHnepD+Fe+zXNFKuSI6SLaYQKBgQDL3XEMYbKHt8GF3RKdwfTs9n0Ihcki8g5o\\nEIw0Fv5uKz4ORa4u/N7Tle9fK0v1fAkjXgaftaeFXtgFUNIqNlGW+BmFxMA4pI3S\\nr2Ll3Dpdf5GEcTDqWy4+qe82NaphcFMryqhZQn5r+3bCYmzK4+IEnNXWHwTHAK5W\\nDNrWAMMsSQKBgEyX8+zadOVpGgtUeOp4QKjVdEzXySpPpvPBDPlPm0wH3oE2NKaa\\nC2mvKPq//CpmplerUk//kypZM72zl2lhrtgNmf6Ge9zFRyACkqw7U4eskLb7p7+c\\nt1ag++zX6AXNq3XgWRPNviD2Z70fw/OYMC5ZITtAX/PFtfG+/8LXNBSBAoGARORx\\nZpDBZzHG2TjrKJq57TYi7LVhUkjga3RkHNpEYvCECQitIz3bAz+g49Va1vtyjxwg\\nOuqFUQHLGIjGbPNsQQtYfKcPmlSphLA2SJ1Sr/QDNfGWaSwlBZIhv30FNeZihOL4\\nXymkVVNmP6xJPYsi/xINBU34LFPjljrD3Rvm2NkCgYAI++iwvg1aeYwH/51lHvdx\\nvKe8yYgKDqYqTQLG63+cEcd75fRq8HGExalvGvXbpk/f7qSs9gZxhbuO03v9LDh+\\nombPQBBBs1HCI0XumkuKZPE7IUU0EznAn6ucIR/lOjTB7r7VbG4LYgwB3DUxNBTd\\nkFvrTRDmz+8jN4BExOM9lQ==\\n-----END PRIVATE KEY-----\\n'"}
[debug] [2024-01-28T18:27:28.133Z] <<< [apiv2][status] GET https://runtimeconfig.googleapis.com/v1beta1/projects/briefly-8929a/configs/project/variables/auth/uri 200
[debug] [2024-01-28T18:27:28.133Z] <<< [apiv2][body] GET https://runtimeconfig.googleapis.com/v1beta1/projects/briefly-8929a/configs/project/variables/auth/uri {"name":"projects/briefly-8929a/configs/project/variables/auth/uri","updateTime":"2023-11-12T18:48:31.918403128Z","text":"https://accounts.google.com/o/oauth2/auth"}
[debug] [2024-01-28T18:27:28.136Z] Validating nodejs source
[warn] ⚠  functions: package.json indicates an outdated version of firebase-functions. Please upgrade using npm install --save firebase-functions@latest in your functions directory. 
[debug] [2024-01-28T18:27:29.016Z] > [functions] package.json contents: {
  "name": "functions",
  "scripts": {
    "build": "tsc",
    "build:watch": "tsc --watch",
    "serve": "npm run build && firebase emulators:start --only functions",
    "shell": "npm run build && firebase functions:shell",
    "start": "npm run shell",
    "deploy": "firebase deploy --only functions",
    "logs": "firebase functions:log"
  },
  "engines": {
    "node": "18"
  },
  "main": "lib/index.js",
  "dependencies": {
    "axios": "^1.6.1",
    "cheerio": "^1.0.0-rc.12",
    "dotenv": "^16.3.1",
    "firebase-admin": "^11.11.0",
    "firebase-functions": "^4.5.0",
    "node-fetch": "^2.7.0",
    "xml2js": "^0.6.2"
  },
  "devDependencies": {
    "firebase-functions-test": "^3.1.0",
    "typescript": "^4.9.0"
  },
  "private": true
}
[debug] [2024-01-28T18:27:29.016Z] Building nodejs source
[info] i  functions: Loading and analyzing source code for codebase default to determine what to deploy 
[debug] [2024-01-28T18:27:29.017Z] Could not find functions.yaml. Must use http discovery
[debug] [2024-01-28T18:27:29.020Z] Found firebase-functions binary at '/home/enguerrand/Documents/perso/side-projects/briefly/functions/node_modules/.bin/firebase-functions'
[info] Serving at port 8407

[debug] [2024-01-28T18:27:29.260Z] Got response from /__/functions.yaml {"endpoints":{"fetchNewArticles":{"availableMemoryMb":null,"timeoutSeconds":null,"minInstances":null,"maxInstances":null,"ingressSettings":null,"concurrency":null,"serviceAccountEmail":null,"vpc":null,"platform":"gcfv2","labels":{},"scheduleTrigger":{"schedule":"31 9 * * *","retryConfig":{"retryCount":null,"maxDoublings":null,"maxRetrySeconds":null,"minBackoffSeconds":null,"maxBackoffSeconds":null},"timeZone":null},"entryPoint":"fetchNewArticles"},"deleteOldArticles":{"availableMemoryMb":null,"timeoutSeconds":null,"minInstances":null,"maxInstances":null,"ingressSettings":null,"concurrency":null,"serviceAccountEmail":null,"vpc":null,"platform":"gcfv2","labels":{},"scheduleTrigger":{"schedule":"0 0 * * *","retryConfig":{"retryCount":null,"maxDoublings":null,"maxRetrySeconds":null,"minBackoffSeconds":null,"maxBackoffSeconds":null},"timeZone":null},"entryPoint":"deleteOldArticles"},"publishNewArticles":{"availableMemoryMb":null,"timeoutSeconds":null,"minInstances":null,"maxInstances":null,"ingressSettings":null,"concurrency":null,"serviceAccountEmail":null,"vpc":null,"platform":"gcfv2","labels":{},"eventTrigger":{"eventType":"google.cloud.firestore.document.v1.created","eventFilters":{"database":"(default)","namespace":"(default)"},"eventFilterPathPatterns":{"document":"articles/{docId}"},"retry":false},"entryPoint":"publishNewArticles"},"authorizeWorkspace":{"availableMemoryMb":null,"timeoutSeconds":null,"minInstances":null,"maxInstances":null,"ingressSettings":null,"concurrency":null,"serviceAccountEmail":null,"vpc":null,"platform":"gcfv2","labels":{},"eventTrigger":{"eventType":"google.cloud.firestore.document.v1.created","eventFilters":{"database":"(default)","namespace":"(default)"},"eventFilterPathPatterns":{"document":"pendingWorkspaces/{docId}"},"retry":false},"entryPoint":"authorizeWorkspace"}},"specVersion":"v1alpha1","requiredAPIs":[{"api":"cloudscheduler.googleapis.com","reason":"Needed for scheduled functions."}]}
[info] i  functions: Loaded environment variables from .env. 
[info] i  functions: preparing functions directory for uploading... 
[info] i  functions: packaged /home/enguerrand/Documents/perso/side-projects/briefly/functions (90.35 KB) for uploading 
[debug] [2024-01-28T18:27:29.335Z] >>> [apiv2][query] GET https://cloudfunctions.googleapis.com/v1/projects/briefly-8929a/locations/-/functions [none]
